register_netdevice+0x69a/0x1490 net/core/dev.c:10081
 br_dev_newlink+0x27/0x110 net/bridge/br_netlink.c:1552
 rtnl_newlink_create net/core/rtnetlink.c:3471 [inline]
 __rtnl_newlink+0x115e/0x18c0 net/core/rtnetlink.c:3688
 rtnl_newlink+0x67/0xa0 net/core/rtnetlink.c:3701
 rtnetlink_rcv_msg+0x439/0xd30 net/core/rtnetlink.c:6427
 netlink_rcv_skb+0x16b/0x440 net/netlink/af_netlink.c:2545
 netlink_unicast_kernel net/netlink/af_netlink.c:1342 [inline]
 netlink_unicast+0x536/0x810 net/netlink/af_netlink.c:1368
 netlink_sendmsg+0x93c/0xe40 net/netlink/af_netlink.c:1910
 sock_sendmsg_nosec net/socket.c:728 [inline]
 sock_sendmsg+0xd9/0x180 net/socket.c:751
 ____sys_sendmsg+0x6ac/0x940 net/socket.c:2538
 ___sys_sendmsg+0x135/0x1d0 net/socket.c:2592
 __sys_sendmsg+0x117/0x1e0 net/socket.c:2621
 do_syscall_x64 arch/x86/entry/common.c:50 [inline]
 do_syscall_64+0x38/0xb0 arch/x86/entry/common.c:80
 entry_SYSCALL_64_after_hwframe+0x63/0xcd
RIP: 0033:0x7f0f4bd78329
Code: 48 83 c4 28 c3 e8 37 17 00 00 0f 1f 80 00 00 00 00 48 89 f8 48 89 f7 48 89 d6 48 89 ca 4d 89 c2 4d 89 c8 4c 8b 4c 24 08 0f 05 <48> 3d 01 f0 ff ff 73 01 c3 48 c7 c1 b8 ff ff ff f7 d8 64 89 01 48
