__dump_stack lib/dump_stack.c:88 [inline]
 dump_stack_lvl+0xd9/0x1b0 lib/dump_stack.c:106
 check_noncircular+0x311/0x3f0 kernel/locking/lockdep.c:2195
 check_prev_add kernel/locking/lockdep.c:3142 [inline]
 check_prevs_add kernel/locking/lockdep.c:3261 [inline]
 validate_chain kernel/locking/lockdep.c:3876 [inline]
 __lock_acquire+0x2e3d/0x5de0 kernel/locking/lockdep.c:5144
 lock_acquire kernel/locking/lockdep.c:5761 [inline]
 lock_acquire+0x1ae/0x510 kernel/locking/lockdep.c:5726
 down_write+0x93/0x200 kernel/locking/rwsem.c:1573
 f2fs_down_write fs/f2fs/f2fs.h:2133 [inline]
 f2fs_add_inline_entry+0x300/0x6f0 fs/f2fs/inline.c:644
 f2fs_add_dentry+0xa6/0x230 fs/f2fs/dir.c:784
 f2fs_do_add_link+0x190/0x280 fs/f2fs/dir.c:827
 f2fs_add_link fs/f2fs/f2fs.h:3554 [inline]
 f2fs_mkdir+0x377/0x620 fs/f2fs/namei.c:781
 vfs_mkdir+0x532/0x7e0 fs/namei.c:4117
 ovl_do_mkdir fs/overlayfs/overlayfs.h:196 [inline]
 ovl_mkdir_real+0xb5/0x370 fs/overlayfs/dir.c:146
 ovl_workdir_create+0x3de/0x820 fs/overlayfs/super.c:309
 ovl_make_workdir fs/overlayfs/super.c:711 [inline]
 ovl_get_workdir fs/overlayfs/super.c:864 [inline]
 ovl_fill_super+0xdab/0x6180 fs/overlayfs/super.c:1400
 vfs_get_super+0xf9/0x290 fs/super.c:1152
 vfs_get_tree+0x88/0x350 fs/super.c:1519
 do_new_mount fs/namespace.c:3335 [inline]
 path_mount+0x1492/0x1ed0 fs/namespace.c:3662
 do_mount fs/namespace.c:3675 [inline]
 __do_sys_mount fs/namespace.c:3884 [inline]
 __se_sys_mount fs/namespace.c:3861 [inline]
 __x64_sys_mount+0x293/0x310 fs/namespace.c:3861
 do_syscall_x64 arch/x86/entry/common.c:50 [inline]
 do_syscall_64+0x38/0xb0 arch/x86/entry/common.c:80
 entry_SYSCALL_64_after_hwframe+0x63/0xcd
RIP: 0033:0x7f8564b88739
Code: 28 00 00 00 75 05 48 83 c4 28 c3 e8 61 17 00 00 90 48 89 f8 48 89 f7 48 89 d6 48 89 ca 4d 89 c2 4d 89 c8 4c 8b 4c 24 08 0f 05 <48> 3d 01 f0 ff ff 73 01 c3 48 c7 c1 b8 ff ff ff f7 d8 64 89 01 48
RSP: 002b:00007ffe8112e1a8 EFLAGS: 00000246 ORIG_RAX: 00000000000000a5
